<?xml version="1.0" encoding="UTF-8"?>
<!-- Generated by org.testng.reporters.JUnitReportReporter -->
<testsuite hostname="LAPTOP-AST8DPON" failures="0" tests="6" name="org.miro.testClasses.SignUpWithoutCredentialsTest" time="2.527" errors="0" timestamp="2021-11-28T11:37:01 CET" skipped="0">
  <testcase classname="org.miro.testClasses.SignUpWithoutCredentialsTest" name="verifyPageTitle" time="0.485"/>
  <system-out/>
  <testcase classname="org.miro.testClasses.SignUpWithoutCredentialsTest" name="verifyPleaseAgreeWithTermsErrorIsVisible" time="0.323"/>
  <system-out/>
  <testcase classname="org.miro.testClasses.SignUpWithoutCredentialsTest" name="verifyEnterYourNameErrorIsVisible" time="0.321"/>
  <system-out/>
  <testcase classname="org.miro.testClasses.SignUpWithoutCredentialsTest" name="verifyEnterYourPasswordErrorIsVisible" time="0.351"/>
  <system-out/>
  <testcase classname="org.miro.testClasses.SignUpWithoutCredentialsTest" name="verifyClicksOnGetStartedNow" time="0.464"/>
  <system-out/>
  <testcase classname="org.miro.testClasses.SignUpWithoutCredentialsTest" name="verifyEnterYourEmailErrorIsVisible" time="0.583"/>
  <system-out/>
</testsuite> <!-- org.miro.testClasses.SignUpWithoutCredentialsTest -->
