<?xml version="1.0" encoding="UTF-8"?>
<!-- Generated by org.testng.reporters.JUnitReportReporter -->
<testsuite hostname="LAPTOP-AST8DPON" failures="0" tests="6" name="org.miro.testClasses.SignUpWithValidCredentialsTest" time="5.793" errors="0" timestamp="2021-11-28T11:37:01 CET" skipped="0">
  <testcase classname="org.miro.testClasses.SignUpWithValidCredentialsTest" name="verifyPageTitle" time="0.435"/>
  <system-out/>
  <testcase classname="org.miro.testClasses.SignUpWithValidCredentialsTest" name="verifyClicksOnGetStartedNow" time="3.605"/>
  <system-out/>
  <testcase classname="org.miro.testClasses.SignUpWithValidCredentialsTest" name="verifyUserDetailsAreAdded" time="0.698"/>
  <system-out/>
  <testcase classname="org.miro.testClasses.SignUpWithValidCredentialsTest" name="verifyCheckYourEmailScreenIsVisible" time="0.222"/>
  <system-out/>
  <testcase classname="org.miro.testClasses.SignUpWithValidCredentialsTest" name="verifyPasswordIsAdded" time="0.587"/>
  <system-out/>
  <testcase classname="org.miro.testClasses.SignUpWithValidCredentialsTest" name="verifyUserAgreeToTerms" time="0.246"/>
  <system-out/>
</testsuite> <!-- org.miro.testClasses.SignUpWithValidCredentialsTest -->
