<?xml version="1.0" encoding="UTF-8"?>
<!-- Generated by org.testng.reporters.JUnitReportReporter -->
<testsuite hostname="LAPTOP-AST8DPON" failures="0" tests="6" name="org.miro.testClasses.SignUpWithValidCredentialsTest" time="5.880" errors="0" timestamp="2021-11-28T12:01:06 CET" skipped="0">
  <testcase classname="org.miro.testClasses.SignUpWithValidCredentialsTest" name="verifyPasswordIsAdded" time="0.563"/>
  <system-out/>
  <testcase classname="org.miro.testClasses.SignUpWithValidCredentialsTest" name="verifyClicksOnGetStartedNow" time="3.170"/>
  <system-out/>
  <testcase classname="org.miro.testClasses.SignUpWithValidCredentialsTest" name="verifyUserDetailsAreAdded" time="0.838"/>
  <system-out/>
  <testcase classname="org.miro.testClasses.SignUpWithValidCredentialsTest" name="verifyCheckYourEmailScreenIsVisible" time="0.359"/>
  <system-out/>
  <testcase classname="org.miro.testClasses.SignUpWithValidCredentialsTest" name="verifyUserAgreeToTerms" time="0.563"/>
  <system-out/>
  <testcase classname="org.miro.testClasses.SignUpWithValidCredentialsTest" name="verifyPageTitle" time="0.387"/>
  <system-out/>
</testsuite> <!-- org.miro.testClasses.SignUpWithValidCredentialsTest -->
