<?xml version="1.0" encoding="UTF-8"?>
<!-- Generated by org.testng.reporters.JUnitReportReporter -->
<testsuite hostname="LAPTOP-AST8DPON" failures="0" tests="6" name="org.miro.testClasses.SignUpWithoutCredentialsTest" time="2.523" errors="0" timestamp="2021-11-28T12:01:06 CET" skipped="0">
  <testcase classname="org.miro.testClasses.SignUpWithoutCredentialsTest" name="verifyEnterYourEmailErrorIsVisible" time="0.643"/>
  <system-out/>
  <testcase classname="org.miro.testClasses.SignUpWithoutCredentialsTest" name="verifyEnterYourPasswordErrorIsVisible" time="0.367"/>
  <system-out/>
  <testcase classname="org.miro.testClasses.SignUpWithoutCredentialsTest" name="verifyPleaseAgreeWithTermsErrorIsVisible" time="0.270"/>
  <system-out/>
  <testcase classname="org.miro.testClasses.SignUpWithoutCredentialsTest" name="verifyPageTitle" time="0.467"/>
  <system-out/>
  <testcase classname="org.miro.testClasses.SignUpWithoutCredentialsTest" name="verifyClicksOnGetStartedNow" time="0.485"/>
  <system-out/>
  <testcase classname="org.miro.testClasses.SignUpWithoutCredentialsTest" name="verifyEnterYourNameErrorIsVisible" time="0.291"/>
  <system-out/>
</testsuite> <!-- org.miro.testClasses.SignUpWithoutCredentialsTest -->
